#
# There is insufficient memory for the Java Runtime Environment to continue.
# Native memory allocation (mmap) failed to map 268435456 bytes for G1 virtual space
# Possible reasons:
#   The system is out of physical RAM or swap space
#   The process is running with CompressedOops enabled, and the Java Heap may be blocking the growth of the native heap
# Possible solutions:
#   Reduce memory load on the system
#   Increase physical memory or swap space
#   Check if swap backing store is full
#   Decrease Java heap size (-Xmx/-Xms)
#   Decrease number of Java threads
#   Decrease Java thread stack sizes (-Xss)
#   Set larger code cache with -XX:ReservedCodeCacheSize=
#   JVM is running with Zero Based Compressed Oops mode in which the Java heap is
#     placed in the first 32GB address space. The Java Heap base address is the
#     maximum limit for the native heap growth. Please use -XX:HeapBaseMinAddress
#     to set the Java Heap base and to place the Java Heap above 32GB virtual address.
# This output file may be truncated or incomplete.
#
#  Out of Memory Error (os_windows.cpp:3600), pid=15036, tid=15116
#
# JRE version:  (21.0.2+13) (build )
# Java VM: Java HotSpot(TM) 64-Bit Server VM (21.0.2+13-LTS-58, mixed mode, sharing, tiered, compressed oops, compressed class ptrs, g1 gc, windows-amd64)
# No core dump will be written. Minidumps are not enabled by default on client versions of Windows
#

---------------  S U M M A R Y ------------

Command Line: -Dfile.encoding=UTF-8 --module-path=F:\my_downloads\NetBeansProjects\bank_management_system\build\classes bank_management_system.signupthree

Host: Intel(R) Core(TM) i5-7300U CPU @ 2.60GHz, 4 cores, 15G,  Windows 10 , 64 bit Build 19041 (10.0.19041.3636)
Time: Tue Mar 26 15:52:16 2024 India Standard Time elapsed time: 0.027868 seconds (0d 0h 0m 0s)

---------------  T H R E A D  ---------------

Current thread (0x0000022f968d6f10):  JavaThread "Unknown thread" [_thread_in_vm, id=15116, stack(0x000000a3de600000,0x000000a3de700000) (1024K)]

Stack: [0x000000a3de600000,0x000000a3de700000]
Native frames: (J=compiled Java code, j=interpreted, Vv=VM code, C=native code)
V  [jvm.dll+0x6cade9]
V  [jvm.dll+0x8569c1]
V  [jvm.dll+0x858d2e]
V  [jvm.dll+0x859413]
V  [jvm.dll+0x280e56]
V  [jvm.dll+0x6c74d5]
V  [jvm.dll+0x6bbeca]
V  [jvm.dll+0x355bca]
V  [jvm.dll+0x35d816]
V  [jvm.dll+0x3ae67e]
V  [jvm.dll+0x3ae928]
V  [jvm.dll+0x3295dc]
V  [jvm.dll+0x32a16b]
V  [jvm.dll+0x81efa9]
V  [jvm.dll+0x3bba01]
V  [jvm.dll+0x807928]
V  [jvm.dll+0x44f50e]
V  [jvm.dll+0x450e11]
C  [jli.dll+0x52a3]
C  [ucrtbase.dll+0x21bb2]
C  [KERNEL32.DLL+0x17344]
C  [ntdll.dll+0x526b1]


---------------  P R O C E S S  ---------------

Threads class SMR info:
_java_thread_list=0x00007ff95273bb88, length=0, elements={
}

Java Threads: ( => current thread )
Total: 0

Other Threads:
  0x0000022f989dbcd0 WorkerThread "GC Thread#0"                     [id=15160, stack(0x000000a3de700000,0x000000a3de800000) (1024K)]
  0x0000022f989ee3d0 ConcurrentGCThread "G1 Main Marker"            [id=15616, stack(0x000000a3de800000,0x000000a3de900000) (1024K)]
  0x0000022f989f0990 WorkerThread "G1 Conc#0"                       [id=6388, stack(0x000000a3de900000,0x000000a3dea00000) (1024K)]

[error occurred during error reporting (printing all threads), id 0xc0000005, EXCEPTION_ACCESS_VIOLATION (0xc0000005) at pc=0x00007ff951eac6a7]
VM state: not at safepoint (not fully initialized)

VM Mutex/Monitor currently owned by a thread:  ([mutex/lock_event])
[0x00007ff9527ace68] Heap_lock - owner thread: 0x0000022f968d6f10

Heap address: 0x0000000701c00000, size: 4068 MB, Compressed Oops mode: Zero based, Oop shift amount: 3

CDS archive(s) mapped at: [0x0000000000000000-0x0000000000000000-0x0000000000000000), size 0, SharedBaseAddress: 0x0000000800000000, ArchiveRelocationMode: 1.
Narrow klass base: 0x0000000000000000, Narrow klass shift: 0, Narrow klass range: 0x0

GC Precious Log:
 CardTable entry size: 512
 Card Set container configuration: InlinePtr #cards 4 size 8 Array Of Cards #cards 16 size 48 Howl #buckets 8 coarsen threshold 3686 Howl Bitmap #cards 512 size 80 coarsen threshold 460 Card regions per heap region 1 cards per card region 4096

Heap:
 garbage-first heap   total 0K, used 0K [0x0000000701c00000, 0x0000000800000000)
  region size 2048K, 0 young (0K), 0 survivors (0K)

[error occurred during error reporting (printing heap information), id 0xc0000005, EXCEPTION_ACCESS_VIOLATION (0xc0000005) at pc=0x00007ff9522939f9]
GC Heap History (0 events):
No events

Dll operation events (1 events):
Event: 0.008 Loaded shared library F:\my_downloads\jdk-21\bin\java.dll

Deoptimization events (0 events):
No events

Classes loaded (0 events):
No events

Classes unloaded (0 events):
No events

Classes redefined (0 events):
No events

Internal exceptions (0 events):
No events

ZGC Phase Switch (0 events):
No events

VM Operations (0 events):
No events

Events (0 events):
No events


Dynamic libraries:
0x00007ff6709a0000 - 0x00007ff6709b0000 	F:\my_downloads\jdk-21\bin\java.exe
0x00007ff98d8b0000 - 0x00007ff98daa8000 	C:\Windows\SYSTEM32\ntdll.dll
0x00007ff98bda0000 - 0x00007ff98be5d000 	C:\Windows\System32\KERNEL32.DLL
0x00007ff98b140000 - 0x00007ff98b436000 	C:\Windows\System32\KERNELBASE.dll
0x00007ff98b580000 - 0x00007ff98b680000 	C:\Windows\System32\ucrtbase.dll
0x00007ff9858a0000 - 0x00007ff9858b9000 	F:\my_downloads\jdk-21\bin\jli.dll
0x00007ff9744a0000 - 0x00007ff9744bb000 	F:\my_downloads\jdk-21\bin\VCRUNTIME140.dll
0x00007ff98c920000 - 0x00007ff98c9d0000 	C:\Windows\System32\ADVAPI32.dll
0x00007ff98c880000 - 0x00007ff98c91e000 	C:\Windows\System32\msvcrt.dll
0x00007ff98cea0000 - 0x00007ff98cf40000 	C:\Windows\System32\sechost.dll
0x00007ff98c070000 - 0x00007ff98c195000 	C:\Windows\System32\RPCRT4.dll
0x00007ff98b810000 - 0x00007ff98b837000 	C:\Windows\System32\bcrypt.dll
0x00007ff98cf40000 - 0x00007ff98d0de000 	C:\Windows\System32\USER32.dll
0x00007ff98af60000 - 0x00007ff98af82000 	C:\Windows\System32\win32u.dll
0x00007ff98b960000 - 0x00007ff98b98b000 	C:\Windows\System32\GDI32.dll
0x00007ff98b680000 - 0x00007ff98b797000 	C:\Windows\System32\gdi32full.dll
0x00007ff98b840000 - 0x00007ff98b8dd000 	C:\Windows\System32\msvcp_win.dll
0x00007ff980ad0000 - 0x00007ff980d6a000 	C:\Windows\WinSxS\amd64_microsoft.windows.common-controls_6595b64144ccf1df_6.0.19041.3636_none_60b6a03d71f818d5\COMCTL32.dll
0x00007ff985ea0000 - 0x00007ff985eaa000 	C:\Windows\SYSTEM32\VERSION.dll
0x00007ff98bf80000 - 0x00007ff98bfb2000 	C:\Windows\System32\IMM32.DLL
0x00007ff97c300000 - 0x00007ff97c30c000 	F:\my_downloads\jdk-21\bin\vcruntime140_1.dll
0x00007ff9529a0000 - 0x00007ff952a2e000 	F:\my_downloads\jdk-21\bin\msvcp140.dll
0x00007ff951b70000 - 0x00007ff952887000 	F:\my_downloads\jdk-21\bin\server\jvm.dll
0x00007ff98bb80000 - 0x00007ff98bbeb000 	C:\Windows\System32\WS2_32.dll
0x00007ff98a4c0000 - 0x00007ff98a50b000 	C:\Windows\SYSTEM32\POWRPROF.dll
0x00007ff985b90000 - 0x00007ff985bb7000 	C:\Windows\SYSTEM32\WINMM.dll
0x00007ff98a330000 - 0x00007ff98a342000 	C:\Windows\SYSTEM32\UMPDC.dll
0x00007ff989aa0000 - 0x00007ff989ab2000 	C:\Windows\SYSTEM32\kernel.appcore.dll
0x00007ff97bcc0000 - 0x00007ff97bcca000 	F:\my_downloads\jdk-21\bin\jimage.dll
0x00007ff989680000 - 0x00007ff989864000 	C:\Windows\SYSTEM32\DBGHELP.DLL
0x00007ff980660000 - 0x00007ff980694000 	C:\Windows\SYSTEM32\dbgcore.DLL
0x00007ff98b440000 - 0x00007ff98b4c2000 	C:\Windows\System32\bcryptPrimitives.dll
0x00007ff972920000 - 0x00007ff97293f000 	F:\my_downloads\jdk-21\bin\java.dll

dbghelp: loaded successfully - version: 4.0.5 - missing functions: none
symbol engine: initialized successfully - sym options: 0x614 - pdb path: .;F:\my_downloads\jdk-21\bin;C:\Windows\SYSTEM32;C:\Windows\WinSxS\amd64_microsoft.windows.common-controls_6595b64144ccf1df_6.0.19041.3636_none_60b6a03d71f818d5;F:\my_downloads\jdk-21\bin\server

VM Arguments:
jvm_args: -Dfile.encoding=UTF-8 --module-path=F:\my_downloads\NetBeansProjects\bank_management_system\build\classes 
java_command: bank_management_system.signupthree
java_class_path (initial): F:\my_downloads\jcalendar-tz-1.3.3-4.jar;F:\my_downloads\mysql-connector-j-8.3.0\mysql-connector-j-8.3.0.jar;F:\my_downloads\NetBeansProjects\bank_management_system\build\classes
Launcher Type: SUN_STANDARD

[Global flags]
     intx CICompilerCount                          = 3                                         {product} {ergonomic}
     uint ConcGCThreads                            = 1                                         {product} {ergonomic}
     uint G1ConcRefinementThreads                  = 4                                         {product} {ergonomic}
   size_t G1HeapRegionSize                         = 2097152                                   {product} {ergonomic}
    uintx GCDrainStackTargetSize                   = 64                                        {product} {ergonomic}
   size_t InitialHeapSize                          = 268435456                                 {product} {ergonomic}
   size_t MarkStackSize                            = 4194304                                   {product} {ergonomic}
   size_t MaxHeapSize                              = 4265607168                                {product} {ergonomic}
   size_t MinHeapDeltaBytes                        = 2097152                                   {product} {ergonomic}
   size_t MinHeapSize                              = 8388608                                   {product} {ergonomic}
    uintx NonNMethodCodeHeapSize                   = 5832780                                {pd product} {ergonomic}
    uintx NonProfiledCodeHeapSize                  = 122912730                              {pd product} {ergonomic}
    uintx ProfiledCodeHeapSize                     = 122912730                              {pd product} {ergonomic}
    uintx ReservedCodeCacheSize                    = 251658240                              {pd product} {ergonomic}
     bool SegmentedCodeCache                       = true                                      {product} {ergonomic}
   size_t SoftMaxHeapSize                          = 4265607168                             {manageable} {ergonomic}
     bool UseCompressedOops                        = true                           {product lp64_product} {ergonomic}
     bool UseG1GC                                  = true                                      {product} {ergonomic}
     bool UseLargePagesIndividualAllocation        = false                                  {pd product} {ergonomic}

Logging:
Log output configuration:
 #0: stdout all=warning uptime,level,tags foldmultilines=false
 #1: stderr all=off uptime,level,tags foldmultilines=false

Environment Variables:
PATH=F:\my_downloads\Python312\Scripts\;F:\my_downloads\Python312\;C:\Program Files\Common Files\Oracle\Java\javapath;C:\Program Files\Python312\Scripts\;C:\Program Files\Python312\;C:\Python\Python3104\Scripts\;C:\Python\Python3104\;C:\Windows\system32;C:\Windows;C:\Windows\System32\Wbem;C:\Windows\System32\WindowsPowerShell\v1.0\;C:\Windows\System32\OpenSSH\;C:\MinGW\bin;C:\Program Files\dotnet\;F:\laxmi dacu\LAXMI DCU\Git\cmd;D:\Program Files\MySQL\MySQL Server 8.0\bin;F:\my_downloads\jdk-21\bin;C:\Program Files\MySQL\MySQL Server 8.0\bin;C:\Program Files\MySQL\MySQL Shell 8.0\bin\;C:\Users\Admin\AppData\Local\Microsoft\WindowsApps;;C:\Users\Admin\AppData\Local\Programs\Microsoft VS Code\bin
USERNAME=Admin
OS=Windows_NT
PROCESSOR_IDENTIFIER=Intel64 Family 6 Model 142 Stepping 9, GenuineIntel
TMP=C:\Users\Admin\AppData\Local\Temp
TEMP=C:\Users\Admin\AppData\Local\Temp




Periodic native trim disabled

---------------  S Y S T E M  ---------------

OS:
 Windows 10 , 64 bit Build 19041 (10.0.19041.3636)
OS uptime: 6 days 6:30 hours
Hyper-V role detected

CPU: total 4 (initial active 4) (2 cores per cpu, 2 threads per core) family 6 model 142 stepping 9 microcode 0xea, cx8, cmov, fxsr, ht, mmx, 3dnowpref, sse, sse2, sse3, ssse3, sse4.1, sse4.2, popcnt, lzcnt, tsc, tscinvbit, avx, avx2, aes, erms, clmul, bmi1, bmi2, rtm, adx, fma, vzeroupper, clflush, clflushopt, hv, rdtscp, f16c
Processor Information for all 4 processors :
  Max Mhz: 2701, Current Mhz: 2701, Mhz Limit: 2701

Memory: 4k page, system-wide physical 16264M (8710M free)
TotalPageFile size 22202M (AvailPageFile size 214M)
current process WorkingSet (physical memory assigned to process): 10M, peak: 10M
current process commit charge ("private bytes"): 52M, peak: 307M

vm_info: Java HotSpot(TM) 64-Bit Server VM (21.0.2+13-LTS-58) for windows-amd64 JRE (21.0.2+13-LTS-58), built on 2024-01-05T18:32:24Z by "mach5one" with MS VC++ 17.1 (VS2022)

END.
