#
# There is insufficient memory for the Java Runtime Environment to continue.
# Native memory allocation (malloc) failed to allocate 1335056 bytes for Chunk::new
# Possible reasons:
#   The system is out of physical RAM or swap space
#   The process is running with CompressedOops enabled, and the Java Heap may be blocking the growth of the native heap
# Possible solutions:
#   Reduce memory load on the system
#   Increase physical memory or swap space
#   Check if swap backing store is full
#   Decrease Java heap size (-Xmx/-Xms)
#   Decrease number of Java threads
#   Decrease Java thread stack sizes (-Xss)
#   Set larger code cache with -XX:ReservedCodeCacheSize=
#   JVM is running with Zero Based Compressed Oops mode in which the Java heap is
#     placed in the first 32GB address space. The Java Heap base address is the
#     maximum limit for the native heap growth. Please use -XX:HeapBaseMinAddress
#     to set the Java Heap base and to place the Java Heap above 32GB virtual address.
# This output file may be truncated or incomplete.
#
#  Out of Memory Error (arena.cpp:168), pid=4272, tid=15292
#
# JRE version: Java(TM) SE Runtime Environment (21.0.2+13) (build 21.0.2+13-LTS-58)
# Java VM: Java HotSpot(TM) 64-Bit Server VM (21.0.2+13-LTS-58, mixed mode, sharing, tiered, compressed oops, compressed class ptrs, g1 gc, windows-amd64)
# No core dump will be written. Minidumps are not enabled by default on client versions of Windows
#

---------------  S U M M A R Y ------------

Command Line: -Dfile.encoding=UTF-8 --module-path=F:\my_downloads\NetBeansProjects\bank_management_system\build\classes bank_management_system.signupthree

Host: Intel(R) Core(TM) i5-7300U CPU @ 2.60GHz, 4 cores, 15G,  Windows 10 , 64 bit Build 19041 (10.0.19041.3636)
Time: Tue Mar 26 15:36:56 2024 India Standard Time elapsed time: 0.889581 seconds (0d 0h 0m 0s)

---------------  T H R E A D  ---------------

Current thread (0x000001b3e78eb4f0):  JavaThread "C2 CompilerThread0" daemon [_thread_in_native, id=15292, stack(0x0000000788300000,0x0000000788400000) (1024K)]


Current CompileTask:
C2:    889 1040       4       sun.font.TrueTypeFont::initNames (482 bytes)

Stack: [0x0000000788300000,0x0000000788400000]
Native frames: (J=compiled Java code, j=interpreted, Vv=VM code, C=native code)
V  [jvm.dll+0x6cade9]
V  [jvm.dll+0x8569c1]
V  [jvm.dll+0x858d2e]
V  [jvm.dll+0x859413]
V  [jvm.dll+0x280e56]
V  [jvm.dll+0xc3f3d]
V  [jvm.dll+0xc4473]
V  [jvm.dll+0x3b5bf2]
V  [jvm.dll+0x382855]
V  [jvm.dll+0x381cca]
V  [jvm.dll+0x249bd0]
V  [jvm.dll+0x2491b1]
V  [jvm.dll+0x1c9634]
V  [jvm.dll+0x258859]
V  [jvm.dll+0x256e3a]
V  [jvm.dll+0x3ef6c6]
V  [jvm.dll+0x7ff568]
V  [jvm.dll+0x6c953d]
C  [ucrtbase.dll+0x21bb2]
C  [KERNEL32.DLL+0x17344]
C  [ntdll.dll+0x526b1]


---------------  P R O C E S S  ---------------

Threads class SMR info:
_java_thread_list=0x000001b3e7de2370, length=16, elements={
0x000001b3e78cdc10, 0x000001b3e78ceb30, 0x000001b3e78d1c70, 0x000001b3e78d57f0,
0x000001b3e78d6250, 0x000001b3e78d9a00, 0x000001b3e78eb4f0, 0x000001b3e78ef740,
0x000001b3e7afeb90, 0x000001b3e7afff40, 0x000001b3e78f0bb0, 0x000001b3e7afde70,
0x000001b3e7afe500, 0x000001b3e7aff8b0, 0x000001b3e7aff220, 0x000001b3e7b005d0
}

Java Threads: ( => current thread )
  0x000001b3e78cdc10 JavaThread "Reference Handler"          daemon [_thread_blocked, id=16100, stack(0x0000000787d00000,0x0000000787e00000) (1024K)]
  0x000001b3e78ceb30 JavaThread "Finalizer"                  daemon [_thread_blocked, id=9592, stack(0x0000000787e00000,0x0000000787f00000) (1024K)]
  0x000001b3e78d1c70 JavaThread "Signal Dispatcher"          daemon [_thread_blocked, id=14024, stack(0x0000000787f00000,0x0000000788000000) (1024K)]
  0x000001b3e78d57f0 JavaThread "Attach Listener"            daemon [_thread_blocked, id=10684, stack(0x0000000788000000,0x0000000788100000) (1024K)]
  0x000001b3e78d6250 JavaThread "Service Thread"             daemon [_thread_blocked, id=15876, stack(0x0000000788100000,0x0000000788200000) (1024K)]
  0x000001b3e78d9a00 JavaThread "Monitor Deflation Thread"   daemon [_thread_blocked, id=2268, stack(0x0000000788200000,0x0000000788300000) (1024K)]
=>0x000001b3e78eb4f0 JavaThread "C2 CompilerThread0"         daemon [_thread_in_native, id=15292, stack(0x0000000788300000,0x0000000788400000) (1024K)]
  0x000001b3e78ef740 JavaThread "C1 CompilerThread0"         daemon [_thread_blocked, id=10536, stack(0x0000000788400000,0x0000000788500000) (1024K)]
  0x000001b3e7afeb90 JavaThread "Common-Cleaner"             daemon [_thread_blocked, id=15108, stack(0x0000000788500000,0x0000000788600000) (1024K)]
  0x000001b3e7afff40 JavaThread "Notification Thread"        daemon [_thread_blocked, id=15460, stack(0x0000000788600000,0x0000000788700000) (1024K)]
  0x000001b3e78f0bb0 JavaThread "C2 CompilerThread1"         daemon [_thread_in_native, id=15476, stack(0x0000000788700000,0x0000000788800000) (1024K)]
  0x000001b3e7afde70 JavaThread "Java2D Disposer"            daemon [_thread_blocked, id=2552, stack(0x0000000788800000,0x0000000788900000) (1024K)]
  0x000001b3e7afe500 JavaThread "AWT-Shutdown"                      [_thread_blocked, id=16312, stack(0x0000000788900000,0x0000000788a00000) (1024K)]
  0x000001b3e7aff8b0 JavaThread "AWT-Windows"                daemon [_thread_in_native, id=16284, stack(0x0000000788a00000,0x0000000788b00000) (1024K)]
  0x000001b3e7aff220 JavaThread "AWT-EventQueue-0"                  [_thread_in_native, id=14300, stack(0x0000000788b00000,0x0000000788c00000) (1024K)]
  0x000001b3e7b005d0 JavaThread "DestroyJavaVM"                     [_thread_blocked, id=11060, stack(0x0000000787500000,0x0000000787600000) (1024K)]
Total: 16

Other Threads:
  0x000001b3e78aad80 VMThread "VM Thread"                           [id=14748, stack(0x0000000787c00000,0x0000000787d00000) (1024K)]
  0x000001b3e7891e10 WatcherThread "VM Periodic Task Thread"        [id=15620, stack(0x0000000787b00000,0x0000000787c00000) (1024K)]
  0x000001b3c905c400 WorkerThread "GC Thread#0"                     [id=13336, stack(0x0000000787600000,0x0000000787700000) (1024K)]
  0x000001b3eca54910 WorkerThread "GC Thread#1"                     [id=3788, stack(0x0000000788c00000,0x0000000788d00000) (1024K)]
  0x000001b3ec808cc0 WorkerThread "GC Thread#2"                     [id=2824, stack(0x0000000788d00000,0x0000000788e00000) (1024K)]
  0x000001b3ecae5c20 WorkerThread "GC Thread#3"                     [id=11712, stack(0x0000000788e00000,0x0000000788f00000) (1024K)]
  0x000001b3c906fb10 ConcurrentGCThread "G1 Main Marker"            [id=16364, stack(0x0000000787700000,0x0000000787800000) (1024K)]
  0x000001b3c9070cc0 WorkerThread "G1 Conc#0"                       [id=13480, stack(0x0000000787800000,0x0000000787900000) (1024K)]
  0x000001b3e77550d0 ConcurrentGCThread "G1 Refine#0"               [id=15308, stack(0x0000000787900000,0x0000000787a00000) (1024K)]
  0x000001b3e77558f0 ConcurrentGCThread "G1 Service"                [id=15608, stack(0x0000000787a00000,0x0000000787b00000) (1024K)]
Total: 10

Threads with active compile tasks:
C2 CompilerThread0      971 1040       4       sun.font.TrueTypeFont::initNames (482 bytes)
C2 CompilerThread1      971 1039   !   4       sun.nio.ch.FileChannelImpl::read (288 bytes)
Total: 2

VM state: not at safepoint (normal execution)

VM Mutex/Monitor currently owned by a thread: None

Heap address: 0x00000004d6800000, size: 4068 MB, Compressed Oops mode: Zero based, Oop shift amount: 3

CDS archive(s) mapped at: [0x000001b380000000-0x000001b380c90000-0x000001b380c90000), size 13172736, SharedBaseAddress: 0x000001b380000000, ArchiveRelocationMode: 1.
Compressed class space mapped at: 0x000001b381000000-0x000001b3c1000000, reserved size: 1073741824
Narrow klass base: 0x000001b380000000, Narrow klass shift: 0, Narrow klass range: 0x100000000

GC Precious Log:
 CardTable entry size: 512
 Card Set container configuration: InlinePtr #cards 4 size 8 Array Of Cards #cards 16 size 48 Howl #buckets 8 coarsen threshold 3686 Howl Bitmap #cards 512 size 80 coarsen threshold 460 Card regions per heap region 1 cards per card region 4096
 CPUs: 4 total, 4 available
 Memory: 16264M
 Large Page Support: Disabled
 NUMA Support: Disabled
 Compressed Oops: Enabled (Zero based)
 Heap Region Size: 2M
 Heap Min Capacity: 8M
 Heap Initial Capacity: 256M
 Heap Max Capacity: 4068M
 Pre-touch: Disabled
 Parallel Workers: 4
 Concurrent Workers: 1
 Concurrent Refinement Workers: 4
 Periodic GC: Disabled

Heap:
 garbage-first heap   total 262144K, used 14368K [0x00000004d6800000, 0x00000005d4c00000)
  region size 2048K, 5 young (10240K), 1 survivors (2048K)
 Metaspace       used 6661K, committed 6912K, reserved 1114112K
  class space    used 699K, committed 832K, reserved 1048576K

Heap Regions: E=young(eden), S=young(survivor), O=old, HS=humongous(starts), HC=humongous(continues), CS=collection set, F=free, TAMS=top-at-mark-start, PB=parsable bottom
|   0|0x00000004d6800000, 0x00000004d6a00000, 0x00000004d6a00000|100%|HS|  |TAMS 0x00000004d6800000| PB 0x00000004d6800000| Complete 
|   1|0x00000004d6a00000, 0x00000004d6c00000, 0x00000004d6c00000|100%|HC|  |TAMS 0x00000004d6a00000| PB 0x00000004d6a00000| Complete 
|   2|0x00000004d6c00000, 0x00000004d6e00000, 0x00000004d6e00000|100%| O|  |TAMS 0x00000004d6c00000| PB 0x00000004d6c00000| Untracked 
|   3|0x00000004d6e00000, 0x00000004d6e08000, 0x00000004d7000000|  1%| O|  |TAMS 0x00000004d6e00000| PB 0x00000004d6e00000| Untracked 
|   4|0x00000004d7000000, 0x00000004d7000000, 0x00000004d7200000|  0%| F|  |TAMS 0x00000004d7000000| PB 0x00000004d7000000| Untracked 
|   5|0x00000004d7200000, 0x00000004d7200000, 0x00000004d7400000|  0%| F|  |TAMS 0x00000004d7200000| PB 0x00000004d7200000| Untracked 
|   6|0x00000004d7400000, 0x00000004d7400000, 0x00000004d7600000|  0%| F|  |TAMS 0x00000004d7400000| PB 0x00000004d7400000| Untracked 
|   7|0x00000004d7600000, 0x00000004d7600000, 0x00000004d7800000|  0%| F|  |TAMS 0x00000004d7600000| PB 0x00000004d7600000| Untracked 
|   8|0x00000004d7800000, 0x00000004d7800000, 0x00000004d7a00000|  0%| F|  |TAMS 0x00000004d7800000| PB 0x00000004d7800000| Untracked 
|   9|0x00000004d7a00000, 0x00000004d7a00000, 0x00000004d7c00000|  0%| F|  |TAMS 0x00000004d7a00000| PB 0x00000004d7a00000| Untracked 
|  10|0x00000004d7c00000, 0x00000004d7c00000, 0x00000004d7e00000|  0%| F|  |TAMS 0x00000004d7c00000| PB 0x00000004d7c00000| Untracked 
|  11|0x00000004d7e00000, 0x00000004d7e00000, 0x00000004d8000000|  0%| F|  |TAMS 0x00000004d7e00000| PB 0x00000004d7e00000| Untracked 
|  12|0x00000004d8000000, 0x00000004d8000000, 0x00000004d8200000|  0%| F|  |TAMS 0x00000004d8000000| PB 0x00000004d8000000| Untracked 
|  13|0x00000004d8200000, 0x00000004d8200000, 0x00000004d8400000|  0%| F|  |TAMS 0x00000004d8200000| PB 0x00000004d8200000| Untracked 
|  14|0x00000004d8400000, 0x00000004d8400000, 0x00000004d8600000|  0%| F|  |TAMS 0x00000004d8400000| PB 0x00000004d8400000| Untracked 
|  15|0x00000004d8600000, 0x00000004d8600000, 0x00000004d8800000|  0%| F|  |TAMS 0x00000004d8600000| PB 0x00000004d8600000| Untracked 
|  16|0x00000004d8800000, 0x00000004d8800000, 0x00000004d8a00000|  0%| F|  |TAMS 0x00000004d8800000| PB 0x00000004d8800000| Untracked 
|  17|0x00000004d8a00000, 0x00000004d8a00000, 0x00000004d8c00000|  0%| F|  |TAMS 0x00000004d8a00000| PB 0x00000004d8a00000| Untracked 
|  18|0x00000004d8c00000, 0x00000004d8c00000, 0x00000004d8e00000|  0%| F|  |TAMS 0x00000004d8c00000| PB 0x00000004d8c00000| Untracked 
|  19|0x00000004d8e00000, 0x00000004d8e00000, 0x00000004d9000000|  0%| F|  |TAMS 0x00000004d8e00000| PB 0x00000004d8e00000| Untracked 
|  20|0x00000004d9000000, 0x00000004d9000000, 0x00000004d9200000|  0%| F|  |TAMS 0x00000004d9000000| PB 0x00000004d9000000| Untracked 
|  21|0x00000004d9200000, 0x00000004d9200000, 0x00000004d9400000|  0%| F|  |TAMS 0x00000004d9200000| PB 0x00000004d9200000| Untracked 
|  22|0x00000004d9400000, 0x00000004d9400000, 0x00000004d9600000|  0%| F|  |TAMS 0x00000004d9400000| PB 0x00000004d9400000| Untracked 
|  23|0x00000004d9600000, 0x00000004d9600000, 0x00000004d9800000|  0%| F|  |TAMS 0x00000004d9600000| PB 0x00000004d9600000| Untracked 
|  24|0x00000004d9800000, 0x00000004d9800000, 0x00000004d9a00000|  0%| F|  |TAMS 0x00000004d9800000| PB 0x00000004d9800000| Untracked 
|  25|0x00000004d9a00000, 0x00000004d9a00000, 0x00000004d9c00000|  0%| F|  |TAMS 0x00000004d9a00000| PB 0x00000004d9a00000| Untracked 
|  26|0x00000004d9c00000, 0x00000004d9c00000, 0x00000004d9e00000|  0%| F|  |TAMS 0x00000004d9c00000| PB 0x00000004d9c00000| Untracked 
|  27|0x00000004d9e00000, 0x00000004d9e00000, 0x00000004da000000|  0%| F|  |TAMS 0x00000004d9e00000| PB 0x00000004d9e00000| Untracked 
|  28|0x00000004da000000, 0x00000004da000000, 0x00000004da200000|  0%| F|  |TAMS 0x00000004da000000| PB 0x00000004da000000| Untracked 
|  29|0x00000004da200000, 0x00000004da200000, 0x00000004da400000|  0%| F|  |TAMS 0x00000004da200000| PB 0x00000004da200000| Untracked 
|  30|0x00000004da400000, 0x00000004da400000, 0x00000004da600000|  0%| F|  |TAMS 0x00000004da400000| PB 0x00000004da400000| Untracked 
|  31|0x00000004da600000, 0x00000004da600000, 0x00000004da800000|  0%| F|  |TAMS 0x00000004da600000| PB 0x00000004da600000| Untracked 
|  32|0x00000004da800000, 0x00000004da800000, 0x00000004daa00000|  0%| F|  |TAMS 0x00000004da800000| PB 0x00000004da800000| Untracked 
|  33|0x00000004daa00000, 0x00000004daa00000, 0x00000004dac00000|  0%| F|  |TAMS 0x00000004daa00000| PB 0x00000004daa00000| Untracked 
|  34|0x00000004dac00000, 0x00000004dac00000, 0x00000004dae00000|  0%| F|  |TAMS 0x00000004dac00000| PB 0x00000004dac00000| Untracked 
|  35|0x00000004dae00000, 0x00000004dae00000, 0x00000004db000000|  0%| F|  |TAMS 0x00000004dae00000| PB 0x00000004dae00000| Untracked 
|  36|0x00000004db000000, 0x00000004db000000, 0x00000004db200000|  0%| F|  |TAMS 0x00000004db000000| PB 0x00000004db000000| Untracked 
|  37|0x00000004db200000, 0x00000004db200000, 0x00000004db400000|  0%| F|  |TAMS 0x00000004db200000| PB 0x00000004db200000| Untracked 
|  38|0x00000004db400000, 0x00000004db400000, 0x00000004db600000|  0%| F|  |TAMS 0x00000004db400000| PB 0x00000004db400000| Untracked 
|  39|0x00000004db600000, 0x00000004db600000, 0x00000004db800000|  0%| F|  |TAMS 0x00000004db600000| PB 0x00000004db600000| Untracked 
|  40|0x00000004db800000, 0x00000004db800000, 0x00000004dba00000|  0%| F|  |TAMS 0x00000004db800000| PB 0x00000004db800000| Untracked 
|  41|0x00000004dba00000, 0x00000004dba00000, 0x00000004dbc00000|  0%| F|  |TAMS 0x00000004dba00000| PB 0x00000004dba00000| Untracked 
|  42|0x00000004dbc00000, 0x00000004dbc00000, 0x00000004dbe00000|  0%| F|  |TAMS 0x00000004dbc00000| PB 0x00000004dbc00000| Untracked 
|  43|0x00000004dbe00000, 0x00000004dbe00000, 0x00000004dc000000|  0%| F|  |TAMS 0x00000004dbe00000| PB 0x00000004dbe00000| Untracked 
|  44|0x00000004dc000000, 0x00000004dc000000, 0x00000004dc200000|  0%| F|  |TAMS 0x00000004dc000000| PB 0x00000004dc000000| Untracked 
|  45|0x00000004dc200000, 0x00000004dc200000, 0x00000004dc400000|  0%| F|  |TAMS 0x00000004dc200000| PB 0x00000004dc200000| Untracked 
|  46|0x00000004dc400000, 0x00000004dc400000, 0x00000004dc600000|  0%| F|  |TAMS 0x00000004dc400000| PB 0x00000004dc400000| Untracked 
|  47|0x00000004dc600000, 0x00000004dc600000, 0x00000004dc800000|  0%| F|  |TAMS 0x00000004dc600000| PB 0x00000004dc600000| Untracked 
|  48|0x00000004dc800000, 0x00000004dc800000, 0x00000004dca00000|  0%| F|  |TAMS 0x00000004dc800000| PB 0x00000004dc800000| Untracked 
|  49|0x00000004dca00000, 0x00000004dca00000, 0x00000004dcc00000|  0%| F|  |TAMS 0x00000004dca00000| PB 0x00000004dca00000| Untracked 
|  50|0x00000004dcc00000, 0x00000004dcc00000, 0x00000004dce00000|  0%| F|  |TAMS 0x00000004dcc00000| PB 0x00000004dcc00000| Untracked 
|  51|0x00000004dce00000, 0x00000004dce00000, 0x00000004dd000000|  0%| F|  |TAMS 0x00000004dce00000| PB 0x00000004dce00000| Untracked 
|  52|0x00000004dd000000, 0x00000004dd000000, 0x00000004dd200000|  0%| F|  |TAMS 0x00000004dd000000| PB 0x00000004dd000000| Untracked 
|  53|0x00000004dd200000, 0x00000004dd200000, 0x00000004dd400000|  0%| F|  |TAMS 0x00000004dd200000| PB 0x00000004dd200000| Untracked 
|  54|0x00000004dd400000, 0x00000004dd400000, 0x00000004dd600000|  0%| F|  |TAMS 0x00000004dd400000| PB 0x00000004dd400000| Untracked 
|  55|0x00000004dd600000, 0x00000004dd600000, 0x00000004dd800000|  0%| F|  |TAMS 0x00000004dd600000| PB 0x00000004dd600000| Untracked 
|  56|0x00000004dd800000, 0x00000004dd800000, 0x00000004dda00000|  0%| F|  |TAMS 0x00000004dd800000| PB 0x00000004dd800000| Untracked 
|  57|0x00000004dda00000, 0x00000004dda00000, 0x00000004ddc00000|  0%| F|  |TAMS 0x00000004dda00000| PB 0x00000004dda00000| Untracked 
|  58|0x00000004ddc00000, 0x00000004ddc00000, 0x00000004dde00000|  0%| F|  |TAMS 0x00000004ddc00000| PB 0x00000004ddc00000| Untracked 
|  59|0x00000004dde00000, 0x00000004dde00000, 0x00000004de000000|  0%| F|  |TAMS 0x00000004dde00000| PB 0x00000004dde00000| Untracked 
|  60|0x00000004de000000, 0x00000004de000000, 0x00000004de200000|  0%| F|  |TAMS 0x00000004de000000| PB 0x00000004de000000| Untracked 
|  61|0x00000004de200000, 0x00000004de200000, 0x00000004de400000|  0%| F|  |TAMS 0x00000004de200000| PB 0x00000004de200000| Untracked 
|  62|0x00000004de400000, 0x00000004de400000, 0x00000004de600000|  0%| F|  |TAMS 0x00000004de400000| PB 0x00000004de400000| Untracked 
|  63|0x00000004de600000, 0x00000004de600000, 0x00000004de800000|  0%| F|  |TAMS 0x00000004de600000| PB 0x00000004de600000| Untracked 
|  64|0x00000004de800000, 0x00000004de800000, 0x00000004dea00000|  0%| F|  |TAMS 0x00000004de800000| PB 0x00000004de800000| Untracked 
|  65|0x00000004dea00000, 0x00000004dea00000, 0x00000004dec00000|  0%| F|  |TAMS 0x00000004dea00000| PB 0x00000004dea00000| Untracked 
|  66|0x00000004dec00000, 0x00000004dec00000, 0x00000004dee00000|  0%| F|  |TAMS 0x00000004dec00000| PB 0x00000004dec00000| Untracked 
|  67|0x00000004dee00000, 0x00000004dee00000, 0x00000004df000000|  0%| F|  |TAMS 0x00000004dee00000| PB 0x00000004dee00000| Untracked 
|  68|0x00000004df000000, 0x00000004df000000, 0x00000004df200000|  0%| F|  |TAMS 0x00000004df000000| PB 0x00000004df000000| Untracked 
|  69|0x00000004df200000, 0x00000004df200000, 0x00000004df400000|  0%| F|  |TAMS 0x00000004df200000| PB 0x00000004df200000| Untracked 
|  70|0x00000004df400000, 0x00000004df400000, 0x00000004df600000|  0%| F|  |TAMS 0x00000004df400000| PB 0x00000004df400000| Untracked 
|  71|0x00000004df600000, 0x00000004df600000, 0x00000004df800000|  0%| F|  |TAMS 0x00000004df600000| PB 0x00000004df600000| Untracked 
|  72|0x00000004df800000, 0x00000004df800000, 0x00000004dfa00000|  0%| F|  |TAMS 0x00000004df800000| PB 0x00000004df800000| Untracked 
|  73|0x00000004dfa00000, 0x00000004dfa00000, 0x00000004dfc00000|  0%| F|  |TAMS 0x00000004dfa00000| PB 0x00000004dfa00000| Untracked 
|  74|0x00000004dfc00000, 0x00000004dfc00000, 0x00000004dfe00000|  0%| F|  |TAMS 0x00000004dfc00000| PB 0x00000004dfc00000| Untracked 
|  75|0x00000004dfe00000, 0x00000004dfe00000, 0x00000004e0000000|  0%| F|  |TAMS 0x00000004dfe00000| PB 0x00000004dfe00000| Untracked 
|  76|0x00000004e0000000, 0x00000004e0000000, 0x00000004e0200000|  0%| F|  |TAMS 0x00000004e0000000| PB 0x00000004e0000000| Untracked 
|  77|0x00000004e0200000, 0x00000004e0200000, 0x00000004e0400000|  0%| F|  |TAMS 0x00000004e0200000| PB 0x00000004e0200000| Untracked 
|  78|0x00000004e0400000, 0x00000004e0400000, 0x00000004e0600000|  0%| F|  |TAMS 0x00000004e0400000| PB 0x00000004e0400000| Untracked 
|  79|0x00000004e0600000, 0x00000004e0600000, 0x00000004e0800000|  0%| F|  |TAMS 0x00000004e0600000| PB 0x00000004e0600000| Untracked 
|  80|0x00000004e0800000, 0x00000004e0800000, 0x00000004e0a00000|  0%| F|  |TAMS 0x00000004e0800000| PB 0x00000004e0800000| Untracked 
|  81|0x00000004e0a00000, 0x00000004e0a00000, 0x00000004e0c00000|  0%| F|  |TAMS 0x00000004e0a00000| PB 0x00000004e0a00000| Untracked 
|  82|0x00000004e0c00000, 0x00000004e0c00000, 0x00000004e0e00000|  0%| F|  |TAMS 0x00000004e0c00000| PB 0x00000004e0c00000| Untracked 
|  83|0x00000004e0e00000, 0x00000004e0e00000, 0x00000004e1000000|  0%| F|  |TAMS 0x00000004e0e00000| PB 0x00000004e0e00000| Untracked 
|  84|0x00000004e1000000, 0x00000004e1000000, 0x00000004e1200000|  0%| F|  |TAMS 0x00000004e1000000| PB 0x00000004e1000000| Untracked 
|  85|0x00000004e1200000, 0x00000004e1200000, 0x00000004e1400000|  0%| F|  |TAMS 0x00000004e1200000| PB 0x00000004e1200000| Untracked 
|  86|0x00000004e1400000, 0x00000004e1400000, 0x00000004e1600000|  0%| F|  |TAMS 0x00000004e1400000| PB 0x00000004e1400000| Untracked 
|  87|0x00000004e1600000, 0x00000004e1600000, 0x00000004e1800000|  0%| F|  |TAMS 0x00000004e1600000| PB 0x00000004e1600000| Untracked 
|  88|0x00000004e1800000, 0x00000004e1800000, 0x00000004e1a00000|  0%| F|  |TAMS 0x00000004e1800000| PB 0x00000004e1800000| Untracked 
|  89|0x00000004e1a00000, 0x00000004e1a00000, 0x00000004e1c00000|  0%| F|  |TAMS 0x00000004e1a00000| PB 0x00000004e1a00000| Untracked 
|  90|0x00000004e1c00000, 0x00000004e1c00000, 0x00000004e1e00000|  0%| F|  |TAMS 0x00000004e1c00000| PB 0x00000004e1c00000| Untracked 
|  91|0x00000004e1e00000, 0x00000004e1e00000, 0x00000004e2000000|  0%| F|  |TAMS 0x00000004e1e00000| PB 0x00000004e1e00000| Untracked 
|  92|0x00000004e2000000, 0x00000004e2000000, 0x00000004e2200000|  0%| F|  |TAMS 0x00000004e2000000| PB 0x00000004e2000000| Untracked 
|  93|0x00000004e2200000, 0x00000004e2200000, 0x00000004e2400000|  0%| F|  |TAMS 0x00000004e2200000| PB 0x00000004e2200000| Untracked 
|  94|0x00000004e2400000, 0x00000004e2400000, 0x00000004e2600000|  0%| F|  |TAMS 0x00000004e2400000| PB 0x00000004e2400000| Untracked 
|  95|0x00000004e2600000, 0x00000004e2600000, 0x00000004e2800000|  0%| F|  |TAMS 0x00000004e2600000| PB 0x00000004e2600000| Untracked 
|  96|0x00000004e2800000, 0x00000004e2800000, 0x00000004e2a00000|  0%| F|  |TAMS 0x00000004e2800000| PB 0x00000004e2800000| Untracked 
|  97|0x00000004e2a00000, 0x00000004e2a00000, 0x00000004e2c00000|  0%| F|  |TAMS 0x00000004e2a00000| PB 0x00000004e2a00000| Untracked 
|  98|0x00000004e2c00000, 0x00000004e2c00000, 0x00000004e2e00000|  0%| F|  |TAMS 0x00000004e2c00000| PB 0x00000004e2c00000| Untracked 
|  99|0x00000004e2e00000, 0x00000004e2e00000, 0x00000004e3000000|  0%| F|  |TAMS 0x00000004e2e00000| PB 0x00000004e2e00000| Untracked 
| 100|0x00000004e3000000, 0x00000004e3000000, 0x00000004e3200000|  0%| F|  |TAMS 0x00000004e3000000| PB 0x00000004e3000000| Untracked 
| 101|0x00000004e3200000, 0x00000004e3200000, 0x00000004e3400000|  0%| F|  |TAMS 0x00000004e3200000| PB 0x00000004e3200000| Untracked 
| 102|0x00000004e3400000, 0x00000004e3400000, 0x00000004e3600000|  0%| F|  |TAMS 0x00000004e3400000| PB 0x00000004e3400000| Untracked 
| 103|0x00000004e3600000, 0x00000004e3600000, 0x00000004e3800000|  0%| F|  |TAMS 0x00000004e3600000| PB 0x00000004e3600000| Untracked 
| 104|0x00000004e3800000, 0x00000004e3800000, 0x00000004e3a00000|  0%| F|  |TAMS 0x00000004e3800000| PB 0x00000004e3800000| Untracked 
| 105|0x00000004e3a00000, 0x00000004e3a00000, 0x00000004e3c00000|  0%| F|  |TAMS 0x00000004e3a00000| PB 0x00000004e3a00000| Untracked 
| 106|0x00000004e3c00000, 0x00000004e3c00000, 0x00000004e3e00000|  0%| F|  |TAMS 0x00000004e3c00000| PB 0x00000004e3c00000| Untracked 
| 107|0x00000004e3e00000, 0x00000004e3e00000, 0x00000004e4000000|  0%| F|  |TAMS 0x00000004e3e00000| PB 0x00000004e3e00000| Untracked 
| 108|0x00000004e4000000, 0x00000004e4000000, 0x00000004e4200000|  0%| F|  |TAMS 0x00000004e4000000| PB 0x00000004e4000000| Untracked 
| 109|0x00000004e4200000, 0x00000004e4200000, 0x00000004e4400000|  0%| F|  |TAMS 0x00000004e4200000| PB 0x00000004e4200000| Untracked 
| 110|0x00000004e4400000, 0x00000004e4400000, 0x00000004e4600000|  0%| F|  |TAMS 0x00000004e4400000| PB 0x00000004e4400000| Untracked 
| 111|0x00000004e4600000, 0x00000004e4600000, 0x00000004e4800000|  0%| F|  |TAMS 0x00000004e4600000| PB 0x00000004e4600000| Untracked 
| 112|0x00000004e4800000, 0x00000004e4800000, 0x00000004e4a00000|  0%| F|  |TAMS 0x00000004e4800000| PB 0x00000004e4800000| Untracked 
| 113|0x00000004e4a00000, 0x00000004e4a00000, 0x00000004e4c00000|  0%| F|  |TAMS 0x00000004e4a00000| PB 0x00000004e4a00000| Untracked 
| 114|0x00000004e4c00000, 0x00000004e4c00000, 0x00000004e4e00000|  0%| F|  |TAMS 0x00000004e4c00000| PB 0x00000004e4c00000| Untracked 
| 115|0x00000004e4e00000, 0x00000004e4e00000, 0x00000004e5000000|  0%| F|  |TAMS 0x00000004e4e00000| PB 0x00000004e4e00000| Untracked 
| 116|0x00000004e5000000, 0x00000004e5000000, 0x00000004e5200000|  0%| F|  |TAMS 0x00000004e5000000| PB 0x00000004e5000000| Untracked 
| 117|0x00000004e5200000, 0x00000004e5200000, 0x00000004e5400000|  0%| F|  |TAMS 0x00000004e5200000| PB 0x00000004e5200000| Untracked 
| 118|0x00000004e5400000, 0x00000004e5400000, 0x00000004e5600000|  0%| F|  |TAMS 0x00000004e5400000| PB 0x00000004e5400000| Untracked 
| 119|0x00000004e5600000, 0x00000004e5600000, 0x00000004e5800000|  0%| F|  |TAMS 0x00000004e5600000| PB 0x00000004e5600000| Untracked 
| 120|0x00000004e5800000, 0x00000004e5800000, 0x00000004e5a00000|  0%| F|  |TAMS 0x00000004e5800000| PB 0x00000004e5800000| Untracked 
| 121|0x00000004e5a00000, 0x00000004e5c00000, 0x00000004e5c00000|100%| S|CS|TAMS 0x00000004e5a00000| PB 0x00000004e5a00000| Complete 
| 122|0x00000004e5c00000, 0x00000004e5c00000, 0x00000004e5e00000|  0%| F|  |TAMS 0x00000004e5c00000| PB 0x00000004e5c00000| Untracked 
| 123|0x00000004e5e00000, 0x00000004e5e00000, 0x00000004e6000000|  0%| F|  |TAMS 0x00000004e5e00000| PB 0x00000004e5e00000| Untracked 
| 124|0x00000004e6000000, 0x00000004e6166b28, 0x00000004e6200000| 70%| E|  |TAMS 0x00000004e6000000| PB 0x00000004e6000000| Complete 
| 125|0x00000004e6200000, 0x00000004e6400000, 0x00000004e6400000|100%| E|CS|TAMS 0x00000004e6200000| PB 0x00000004e6200000| Complete 
| 126|0x00000004e6400000, 0x00000004e6600000, 0x00000004e6600000|100%| E|CS|TAMS 0x00000004e6400000| PB 0x00000004e6400000| Complete 
| 127|0x00000004e6600000, 0x00000004e6800000, 0x00000004e6800000|100%| E|CS|TAMS 0x00000004e6600000| PB 0x00000004e6600000| Complete 

Card table byte_map: [0x000001b3e0c70000,0x000001b3e1470000] _byte_map_base: 0x000001b3de5bc000

Marking Bits: (CMBitMap*) 0x000001b3c905e230
 Bits: [0x000001b3e1470000, 0x000001b3e5400000)

Polling page: 0x000001b3c6e20000

Metaspace:

Usage:
  Non-class:      5.82 MB used.
      Class:    699.19 KB used.
       Both:      6.51 MB used.

Virtual space:
  Non-class space:       64.00 MB reserved,       5.94 MB (  9%) committed,  1 nodes.
      Class space:        1.00 GB reserved,     832.00 KB ( <1%) committed,  1 nodes.
             Both:        1.06 GB reserved,       6.75 MB ( <1%) committed. 

Chunk freelists:
   Non-Class:  10.12 MB
       Class:  15.24 MB
        Both:  25.36 MB

MaxMetaspaceSize: unlimited
CompressedClassSpaceSize: 1.00 GB
Initial GC threshold: 21.00 MB
Current GC threshold: 21.00 MB
CDS: on
 - commit_granule_bytes: 65536.
 - commit_granule_words: 8192.
 - virtual_space_node_default_size: 8388608.
 - enlarge_chunks_in_place: 1.
 - use_allocation_guard: 0.


Internal statistics:

num_allocs_failed_limit: 0.
num_arena_births: 140.
num_arena_deaths: 0.
num_vsnodes_births: 2.
num_vsnodes_deaths: 0.
num_space_committed: 108.
num_space_uncommitted: 0.
num_chunks_returned_to_freelist: 0.
num_chunks_taken_from_freelist: 172.
num_chunk_merges: 0.
num_chunk_splits: 103.
num_chunks_enlarged: 38.
num_inconsistent_stats: 0.

CodeHeap 'non-profiled nmethods': size=120000Kb used=385Kb max_used=385Kb free=119614Kb
 bounds [0x000001b3d8f40000, 0x000001b3d91b0000, 0x000001b3e0470000]
CodeHeap 'profiled nmethods': size=120000Kb used=1735Kb max_used=1735Kb free=118264Kb
 bounds [0x000001b3d1470000, 0x000001b3d16e0000, 0x000001b3d89a0000]
CodeHeap 'non-nmethods': size=5760Kb used=1503Kb max_used=1547Kb free=4256Kb
 bounds [0x000001b3d89a0000, 0x000001b3d8c10000, 0x000001b3d8f40000]
 total_blobs=1646 nmethods=1065 adapters=486
 compilation: enabled
              stopped_count=0, restarted_count=0
 full_count=0

Compilation events (20 events):
Event: 0.844 Thread 0x000001b3e78ef740 1047       3       java.lang.String::getChars (55 bytes)
Event: 0.844 Thread 0x000001b3e78ef740 nmethod 1047 0x000001b3d1606990 code [0x000001b3d1606bc0, 0x000001b3d16072f8]
Event: 0.845 Thread 0x000001b3e78ef740 1048       3       java.lang.StringLatin1::getChars (12 bytes)
Event: 0.845 Thread 0x000001b3e78ef740 nmethod 1048 0x000001b3d1607610 code [0x000001b3d16077c0, 0x000001b3d16078e8]
Event: 0.854 Thread 0x000001b3e78ef740 1049       1       sun.font.SunFontManager::getNativeNames (2 bytes)
Event: 0.855 Thread 0x000001b3e78ef740 nmethod 1049 0x000001b3d8f98e90 code [0x000001b3d8f99020, 0x000001b3d8f990f0]
Event: 0.868 Thread 0x000001b3e78ef740 1050       3       java.io.WinNTFileSystem::resolve (326 bytes)
Event: 0.872 Thread 0x000001b3e78ef740 nmethod 1050 0x000001b3d1607990 code [0x000001b3d1607ec0, 0x000001b3d160ada8]
Event: 0.872 Thread 0x000001b3e78ef740 1051       3       java.lang.String::<init> (10 bytes)
Event: 0.872 Thread 0x000001b3e78ef740 nmethod 1051 0x000001b3d160be90 code [0x000001b3d160c040, 0x000001b3d160c190]
Event: 0.873 Thread 0x000001b3e78ef740 1052       3       sun.font.FontUtilities::debugFonts (4 bytes)
Event: 0.873 Thread 0x000001b3e78ef740 nmethod 1052 0x000001b3d160c290 code [0x000001b3d160c420, 0x000001b3d160c520]
Event: 0.877 Thread 0x000001b3e78ef740 1053   !   3       java.io.WinNTFileSystem::resolve (362 bytes)
Event: 0.882 Thread 0x000001b3e78ef740 nmethod 1053 0x000001b3d160c590 code [0x000001b3d160cd40, 0x000001b3d16106d0]
Event: 0.882 Thread 0x000001b3e78ef740 1054       3       java.io.File::getCanonicalPath (31 bytes)
Event: 0.882 Thread 0x000001b3e78ef740 nmethod 1054 0x000001b3d1611e10 code [0x000001b3d1612000, 0x000001b3d16122d8]
Event: 0.882 Thread 0x000001b3e78ef740 1055   !   3       java.io.WinNTFileSystem::canonicalize (199 bytes)
Event: 0.886 Thread 0x000001b3e78ef740 nmethod 1055 0x000001b3d1612410 code [0x000001b3d1612a00, 0x000001b3d1615bb8]
Event: 0.886 Thread 0x000001b3e78ef740 1056       3       java.io.File::<init> (111 bytes)
Event: 0.887 Thread 0x000001b3e78ef740 nmethod 1056 0x000001b3d1616d10 code [0x000001b3d1616fc0, 0x000001b3d1617b30]

GC Heap History (2 events):
Event: 0.719 GC heap before
{Heap before GC invocations=0 (full 0):
 garbage-first heap   total 262144K, used 16384K [0x00000004d6800000, 0x00000005d4c00000)
  region size 2048K, 6 young (12288K), 0 survivors (0K)
 Metaspace       used 6634K, committed 6912K, reserved 1114112K
  class space    used 698K, committed 832K, reserved 1048576K
}
Event: 0.724 GC heap after
{Heap after GC invocations=1 (full 0):
 garbage-first heap   total 262144K, used 8224K [0x00000004d6800000, 0x00000005d4c00000)
  region size 2048K, 1 young (2048K), 1 survivors (2048K)
 Metaspace       used 6634K, committed 6912K, reserved 1114112K
  class space    used 698K, committed 832K, reserved 1048576K
}

Dll operation events (9 events):
Event: 0.009 Loaded shared library F:\my_downloads\jdk-21\bin\java.dll
Event: 0.045 Loaded shared library F:\my_downloads\jdk-21\bin\jsvml.dll
Event: 0.089 Loaded shared library F:\my_downloads\jdk-21\bin\net.dll
Event: 0.091 Loaded shared library F:\my_downloads\jdk-21\bin\nio.dll
Event: 0.116 Loaded shared library F:\my_downloads\jdk-21\bin\zip.dll
Event: 0.135 Loaded shared library F:\my_downloads\jdk-21\bin\jimage.dll
Event: 0.155 Loaded shared library F:\my_downloads\jdk-21\bin\awt.dll
Event: 0.350 Loaded shared library F:\my_downloads\jdk-21\bin\freetype.dll
Event: 0.351 Loaded shared library F:\my_downloads\jdk-21\bin\fontmanager.dll

Deoptimization events (18 events):
Event: 0.269 Thread 0x000001b3c6e58560 Uncommon trap: trap_request=0xffffff45 fr.pc=0x000001b3d8f5054c relative=0x0000000000000bec
Event: 0.269 Thread 0x000001b3c6e58560 Uncommon trap: reason=unstable_if action=reinterpret pc=0x000001b3d8f5054c method=java.util.HashMap.putVal(ILjava/lang/Object;Ljava/lang/Object;ZZ)Ljava/lang/Object; @ 81 c2
Event: 0.269 Thread 0x000001b3c6e58560 DEOPT PACKING pc=0x000001b3d8f5054c sp=0x00000007875fe3e0
Event: 0.269 Thread 0x000001b3c6e58560 DEOPT UNPACKING pc=0x000001b3d89f46a2 sp=0x00000007875fe390 mode 2
Event: 0.436 Thread 0x000001b3e7aff220 Uncommon trap: trap_request=0xffffff45 fr.pc=0x000001b3d8f74e9c relative=0x000000000000007c
Event: 0.436 Thread 0x000001b3e7aff220 Uncommon trap: reason=unstable_if action=reinterpret pc=0x000001b3d8f74e9c method=java.lang.CharacterDataLatin1.toLowerCase(I)I @ 16 c2
Event: 0.436 Thread 0x000001b3e7aff220 DEOPT PACKING pc=0x000001b3d8f74e9c sp=0x0000000788bfc8b0
Event: 0.436 Thread 0x000001b3e7aff220 DEOPT UNPACKING pc=0x000001b3d89f46a2 sp=0x0000000788bfc830 mode 2
Event: 0.459 Thread 0x000001b3e7aff220 Uncommon trap: trap_request=0xffffff45 fr.pc=0x000001b3d8f761c4 relative=0x00000000000004e4
Event: 0.459 Thread 0x000001b3e7aff220 Uncommon trap: reason=unstable_if action=reinterpret pc=0x000001b3d8f761c4 method=java.lang.StringLatin1.toLowerCase(Ljava/lang/String;[BLjava/util/Locale;)Ljava/lang/String; @ 43 c2
Event: 0.459 Thread 0x000001b3e7aff220 DEOPT PACKING pc=0x000001b3d8f761c4 sp=0x0000000788bfc930
Event: 0.459 Thread 0x000001b3e7aff220 DEOPT UNPACKING pc=0x000001b3d89f46a2 sp=0x0000000788bfc8a0 mode 2
Event: 0.598 Thread 0x000001b3e7aff220 DEOPT PACKING pc=0x000001b3d14826f8 sp=0x0000000788bfc9d0
Event: 0.598 Thread 0x000001b3e7aff220 DEOPT UNPACKING pc=0x000001b3d89f4e42 sp=0x0000000788bfbdf0 mode 0
Event: 0.623 Thread 0x000001b3e7aff220 DEOPT PACKING pc=0x000001b3d1479f58 sp=0x0000000788bfca00
Event: 0.623 Thread 0x000001b3e7aff220 DEOPT UNPACKING pc=0x000001b3d89f4e42 sp=0x0000000788bfbe68 mode 0
Event: 0.632 Thread 0x000001b3e7aff220 DEOPT PACKING pc=0x000001b3d15bcb44 sp=0x0000000788bfcea0
Event: 0.632 Thread 0x000001b3e7aff220 DEOPT UNPACKING pc=0x000001b3d89f4e42 sp=0x0000000788bfc3b8 mode 1

Classes loaded (20 events):
Event: 0.512 Loading class sun/nio/cs/UTF_16$Decoder
Event: 0.512 Loading class sun/nio/cs/UnicodeDecoder
Event: 0.512 Loading class sun/nio/cs/UnicodeDecoder done
Event: 0.512 Loading class sun/nio/cs/UTF_16$Decoder done
Event: 0.517 Loading class sun/font/SunFontManager$3
Event: 0.517 Loading class sun/font/SunFontManager$3 done
Event: 0.535 Loading class jdk/internal/foreign/MemorySessionImpl
Event: 0.536 Loading class java/lang/foreign/MemorySegment$Scope
Event: 0.536 Loading class java/lang/foreign/MemorySegment$Scope done
Event: 0.536 Loading class jdk/internal/foreign/MemorySessionImpl done
Event: 0.541 Loading class sun/font/SunFontManager$8
Event: 0.541 Loading class sun/font/SunFontManager$8 done
Event: 0.632 Loading class java/security/PrivilegedActionException
Event: 0.632 Loading class java/security/PrivilegedActionException done
Event: 0.632 Loading class java/awt/FontFormatException
Event: 0.633 Loading class java/awt/FontFormatException done
Event: 0.642 Loading class java/lang/foreign/MemorySegment
Event: 0.643 Loading class java/lang/foreign/MemorySegment done
Event: 0.838 Loading class sun/font/SunFontManager$9
Event: 0.838 Loading class sun/font/SunFontManager$9 done

Classes unloaded (0 events):
No events

Classes redefined (0 events):
No events

Internal exceptions (15 events):
Event: 0.092 Thread 0x000001b3c6e58560 Exception <a 'sun/nio/fs/WindowsException'{0x00000004e67afd58}> (0x00000004e67afd58) 
thrown [s\open\src\hotspot\share\prims\jni.cpp, line 520]
Event: 0.094 Thread 0x000001b3c6e58560 Exception <a 'sun/nio/fs/WindowsException'{0x00000004e67b2208}> (0x00000004e67b2208) 
thrown [s\open\src\hotspot\share\prims\jni.cpp, line 520]
Event: 0.094 Thread 0x000001b3c6e58560 Exception <a 'sun/nio/fs/WindowsException'{0x00000004e67b2ca8}> (0x00000004e67b2ca8) 
thrown [s\open\src\hotspot\share\prims\jni.cpp, line 520]
Event: 0.142 Thread 0x000001b3c6e58560 Exception <a 'java/lang/ClassNotFoundException'{0x00000004e647aa48}: sun/awt/resources/spi/awtProvider> (0x00000004e647aa48) 
thrown [s\open\src\hotspot\share\classfile\systemDictionary.cpp, line 312]
Event: 0.174 Thread 0x000001b3c6e58560 Exception <a 'java/io/FileNotFoundException'{0x00000004e64cff48}> (0x00000004e64cff48) 
thrown [s\open\src\hotspot\share\prims\jni.cpp, line 520]
Event: 0.184 Thread 0x000001b3c6e58560 Exception <a 'java/io/FileNotFoundException'{0x00000004e64fa488}> (0x00000004e64fa488) 
thrown [s\open\src\hotspot\share\prims\jni.cpp, line 520]
Event: 0.270 Thread 0x000001b3c6e58560 Exception <a 'java/lang/NoSuchMethodError'{0x00000004e620b290}: 'void java.lang.invoke.DirectMethodHandle$Holder.invokeSpecial(java.lang.Object, java.lang.Object, java.lang.Object)'> (0x00000004e620b290) 
thrown [s\open\src\hotspot\share\interpreter\linkResolver.cpp, line 773]
Event: 0.279 Thread 0x000001b3c6e58560 Exception <a 'java/lang/NoSuchMethodError'{0x00000004e6230c10}: 'java.lang.Object java.lang.invoke.DirectMethodHandle$Holder.newInvokeSpecial(java.lang.Object, java.lang.Object, java.lang.Object, java.lang.Object, java.lang.Object)'> (0x00000004e6230c10) 
thrown [s\open\src\hotspot\share\interpreter\linkResolver.cpp, line 773]
Event: 0.284 Thread 0x000001b3c6e58560 Exception <a 'java/lang/NoSuchMethodError'{0x00000004e625c9f0}: 'java.lang.Object java.lang.invoke.DirectMethodHandle$Holder.invokeStatic(java.lang.Object, int, java.lang.Object)'> (0x00000004e625c9f0) 
thrown [s\open\src\hotspot\share\interpreter\linkResolver.cpp, line 773]
Event: 0.305 Thread 0x000001b3c6e58560 Exception <a 'java/lang/ClassNotFoundException'{0x00000004e62fc5f8}: com/sun/swing/internal/plaf/metal/resources/spi/metalProvider> (0x00000004e62fc5f8) 
thrown [s\open\src\hotspot\share\classfile\systemDictionary.cpp, line 312]
Event: 0.306 Thread 0x000001b3c6e58560 Exception <a 'java/lang/ClassNotFoundException'{0x00000004e6300508}: com/sun/swing/internal/plaf/basic/resources/spi/basicProvider> (0x00000004e6300508) 
thrown [s\open\src\hotspot\share\classfile\systemDictionary.cpp, line 312]
Event: 0.315 Thread 0x000001b3c6e58560 Exception <a 'java/lang/NoSuchMethodError'{0x00000004e631f688}: 'int java.lang.invoke.Invokers$Holder.invokeExact_MT(java.lang.Object, java.lang.Object)'> (0x00000004e631f688) 
thrown [s\open\src\hotspot\share\interpreter\linkResolver.cpp, line 773]
Event: 0.332 Thread 0x000001b3e7aff8b0 Exception <a 'java/lang/NoSuchMethodError'{0x00000004e65bd118}: 'void java.lang.invoke.DirectMethodHandle$Holder.invokeVirtual(java.lang.Object, java.lang.Object)'> (0x00000004e65bd118) 
thrown [s\open\src\hotspot\share\interpreter\linkResolver.cpp, line 773]
Event: 0.346 Thread 0x000001b3c6e58560 Exception <a 'java/lang/NoSuchMethodError'{0x00000004e6354080}: 'void java.lang.invoke.DirectMethodHandle$Holder.invokeStaticInit(java.lang.Object)'> (0x00000004e6354080) 
thrown [s\open\src\hotspot\share\interpreter\linkResolver.cpp, line 773]
Event: 0.632 Thread 0x000001b3e7aff220 Exception <a 'java/io/FileNotFoundException'{0x00000004e5fb1790}> (0x00000004e5fb1790) 
thrown [s\open\src\hotspot\share\prims\jni.cpp, line 520]

ZGC Phase Switch (0 events):
No events

VM Operations (8 events):
Event: 0.095 Executing VM operation: HandshakeAllThreads (Deoptimize)
Event: 0.095 Executing VM operation: HandshakeAllThreads (Deoptimize) done
Event: 0.319 Executing VM operation: HandshakeAllThreads (Deoptimize)
Event: 0.319 Executing VM operation: HandshakeAllThreads (Deoptimize) done
Event: 0.632 Executing VM operation: HandshakeAllThreads (Deoptimize)
Event: 0.632 Executing VM operation: HandshakeAllThreads (Deoptimize) done
Event: 0.719 Executing VM operation: G1CollectForAllocation (G1 Evacuation Pause)
Event: 0.724 Executing VM operation: G1CollectForAllocation (G1 Evacuation Pause) done

Events (18 events):
Event: 0.026 Thread 0x000001b3c6e58560 Thread added: 0x000001b3c6e58560
Event: 0.042 Thread 0x000001b3e78cdc10 Thread added: 0x000001b3e78cdc10
Event: 0.043 Thread 0x000001b3e78ceb30 Thread added: 0x000001b3e78ceb30
Event: 0.043 Thread 0x000001b3e78d1c70 Thread added: 0x000001b3e78d1c70
Event: 0.043 Thread 0x000001b3e78d57f0 Thread added: 0x000001b3e78d57f0
Event: 0.043 Thread 0x000001b3e78d6250 Thread added: 0x000001b3e78d6250
Event: 0.043 Thread 0x000001b3e78d9a00 Thread added: 0x000001b3e78d9a00
Event: 0.043 Thread 0x000001b3e78eb4f0 Thread added: 0x000001b3e78eb4f0
Event: 0.044 Thread 0x000001b3e78ef740 Thread added: 0x000001b3e78ef740
Event: 0.074 Thread 0x000001b3e7afeb90 Thread added: 0x000001b3e7afeb90
Event: 0.111 Thread 0x000001b3e7afff40 Thread added: 0x000001b3e7afff40
Event: 0.122 Thread 0x000001b3e78f0bb0 Thread added: 0x000001b3e78f0bb0
Event: 0.238 Thread 0x000001b3e7afde70 Thread added: 0x000001b3e7afde70
Event: 0.240 Thread 0x000001b3e7afe500 Thread added: 0x000001b3e7afe500
Event: 0.241 Thread 0x000001b3e7aff8b0 Thread added: 0x000001b3e7aff8b0
Event: 0.334 Thread 0x000001b3e7aff220 Thread added: 0x000001b3e7aff220
Event: 0.400 Thread 0x000001b3c6e58560 Thread exited: 0x000001b3c6e58560
Event: 0.400 Thread 0x000001b3e7b005d0 Thread added: 0x000001b3e7b005d0


Dynamic libraries:
0x00007ff6709a0000 - 0x00007ff6709b0000 	F:\my_downloads\jdk-21\bin\java.exe
0x00007ff98d8b0000 - 0x00007ff98daa8000 	C:\Windows\SYSTEM32\ntdll.dll
0x00007ff98bda0000 - 0x00007ff98be5d000 	C:\Windows\System32\KERNEL32.DLL
0x00007ff98b140000 - 0x00007ff98b436000 	C:\Windows\System32\KERNELBASE.dll
0x00007ff98b580000 - 0x00007ff98b680000 	C:\Windows\System32\ucrtbase.dll
0x00007ff9858a0000 - 0x00007ff9858b9000 	F:\my_downloads\jdk-21\bin\jli.dll
0x00007ff98c920000 - 0x00007ff98c9d0000 	C:\Windows\System32\ADVAPI32.dll
0x00007ff98c880000 - 0x00007ff98c91e000 	C:\Windows\System32\msvcrt.dll
0x00007ff9744a0000 - 0x00007ff9744bb000 	F:\my_downloads\jdk-21\bin\VCRUNTIME140.dll
0x00007ff98cea0000 - 0x00007ff98cf40000 	C:\Windows\System32\sechost.dll
0x00007ff98c070000 - 0x00007ff98c195000 	C:\Windows\System32\RPCRT4.dll
0x00007ff98b810000 - 0x00007ff98b837000 	C:\Windows\System32\bcrypt.dll
0x00007ff98cf40000 - 0x00007ff98d0de000 	C:\Windows\System32\USER32.dll
0x00007ff98af60000 - 0x00007ff98af82000 	C:\Windows\System32\win32u.dll
0x00007ff98b960000 - 0x00007ff98b98b000 	C:\Windows\System32\GDI32.dll
0x00007ff980ad0000 - 0x00007ff980d6a000 	C:\Windows\WinSxS\amd64_microsoft.windows.common-controls_6595b64144ccf1df_6.0.19041.3636_none_60b6a03d71f818d5\COMCTL32.dll
0x00007ff98b680000 - 0x00007ff98b797000 	C:\Windows\System32\gdi32full.dll
0x00007ff98b840000 - 0x00007ff98b8dd000 	C:\Windows\System32\msvcp_win.dll
0x00007ff985ea0000 - 0x00007ff985eaa000 	C:\Windows\SYSTEM32\VERSION.dll
0x00007ff98bf80000 - 0x00007ff98bfb2000 	C:\Windows\System32\IMM32.DLL
0x00007ff97c300000 - 0x00007ff97c30c000 	F:\my_downloads\jdk-21\bin\vcruntime140_1.dll
0x00007ff9529a0000 - 0x00007ff952a2e000 	F:\my_downloads\jdk-21\bin\msvcp140.dll
0x00007ff951b70000 - 0x00007ff952887000 	F:\my_downloads\jdk-21\bin\server\jvm.dll
0x00007ff98bb80000 - 0x00007ff98bbeb000 	C:\Windows\System32\WS2_32.dll
0x00007ff98a4c0000 - 0x00007ff98a50b000 	C:\Windows\SYSTEM32\POWRPROF.dll
0x00007ff985b90000 - 0x00007ff985bb7000 	C:\Windows\SYSTEM32\WINMM.dll
0x00007ff98a330000 - 0x00007ff98a342000 	C:\Windows\SYSTEM32\UMPDC.dll
0x00007ff989aa0000 - 0x00007ff989ab2000 	C:\Windows\SYSTEM32\kernel.appcore.dll
0x00007ff97bcc0000 - 0x00007ff97bcca000 	F:\my_downloads\jdk-21\bin\jimage.dll
0x00007ff989680000 - 0x00007ff989864000 	C:\Windows\SYSTEM32\DBGHELP.DLL
0x00007ff980660000 - 0x00007ff980694000 	C:\Windows\SYSTEM32\dbgcore.DLL
0x00007ff98b440000 - 0x00007ff98b4c2000 	C:\Windows\System32\bcryptPrimitives.dll
0x00007ff972920000 - 0x00007ff97293f000 	F:\my_downloads\jdk-21\bin\java.dll
0x00007ff98d0e0000 - 0x00007ff98d84b000 	C:\Windows\System32\SHELL32.dll
0x00007ff988bf0000 - 0x00007ff98938e000 	C:\Windows\SYSTEM32\windows.storage.dll
0x00007ff98c520000 - 0x00007ff98c873000 	C:\Windows\System32\combase.dll
0x00007ff98a8b0000 - 0x00007ff98a8de000 	C:\Windows\SYSTEM32\Wldp.dll
0x00007ff98bab0000 - 0x00007ff98bb7d000 	C:\Windows\System32\OLEAUT32.dll
0x00007ff98bfc0000 - 0x00007ff98c06d000 	C:\Windows\System32\SHCORE.dll
0x00007ff98ce40000 - 0x00007ff98ce95000 	C:\Windows\System32\shlwapi.dll
0x00007ff98ae90000 - 0x00007ff98aeb5000 	C:\Windows\SYSTEM32\profapi.dll
0x00007ff953260000 - 0x00007ff953337000 	F:\my_downloads\jdk-21\bin\jsvml.dll
0x00007ff976890000 - 0x00007ff9768a0000 	F:\my_downloads\jdk-21\bin\net.dll
0x00007ff984da0000 - 0x00007ff984eaa000 	C:\Windows\SYSTEM32\WINHTTP.dll
0x00007ff98a690000 - 0x00007ff98a6fa000 	C:\Windows\system32\mswsock.dll
0x00007ff971f10000 - 0x00007ff971f26000 	F:\my_downloads\jdk-21\bin\nio.dll
0x00007ff971890000 - 0x00007ff9718a8000 	F:\my_downloads\jdk-21\bin\zip.dll
0x00007ff950a20000 - 0x00007ff950baf000 	F:\my_downloads\jdk-21\bin\awt.dll
0x00007ff988490000 - 0x00007ff988520000 	C:\Windows\SYSTEM32\apphelp.dll
0x00007ff988900000 - 0x00007ff98892f000 	C:\Windows\system32\DWMAPI.DLL
0x00007ff988820000 - 0x00007ff9888be000 	C:\Windows\system32\uxtheme.dll
0x00007ff97c6e0000 - 0x00007ff97c805000 	C:\Windows\system32\opengl32.dll
0x00007ff97c6b0000 - 0x00007ff97c6dc000 	C:\Windows\SYSTEM32\GLU32.dll
0x00007ff98be60000 - 0x00007ff98bf75000 	C:\Windows\System32\MSCTF.dll
0x00007ff98c230000 - 0x00007ff98c35b000 	C:\Windows\System32\ole32.dll
0x00007ff950d60000 - 0x00007ff950de7000 	F:\my_downloads\jdk-21\bin\freetype.dll
0x00007ff950c70000 - 0x00007ff950d52000 	F:\my_downloads\jdk-21\bin\fontmanager.dll
0x00007ff96e790000 - 0x00007ff96e889000 	C:\Windows\SYSTEM32\textinputframework.dll
0x00007ff987b70000 - 0x00007ff987ecb000 	C:\Windows\System32\CoreUIComponents.dll
0x00007ff988250000 - 0x00007ff988342000 	C:\Windows\System32\CoreMessaging.dll
0x00007ff98a090000 - 0x00007ff98a0c3000 	C:\Windows\SYSTEM32\ntmarta.dll
0x00007ff986b90000 - 0x00007ff986ce5000 	C:\Windows\SYSTEM32\wintypes.dll

dbghelp: loaded successfully - version: 4.0.5 - missing functions: none
symbol engine: initialized successfully - sym options: 0x614 - pdb path: .;F:\my_downloads\jdk-21\bin;C:\Windows\SYSTEM32;C:\Windows\WinSxS\amd64_microsoft.windows.common-controls_6595b64144ccf1df_6.0.19041.3636_none_60b6a03d71f818d5;F:\my_downloads\jdk-21\bin\server

VM Arguments:
jvm_args: -Dfile.encoding=UTF-8 --module-path=F:\my_downloads\NetBeansProjects\bank_management_system\build\classes 
java_command: bank_management_system.signupthree
java_class_path (initial): F:\my_downloads\jcalendar-tz-1.3.3-4.jar;F:\my_downloads\mysql-connector-j-8.3.0\mysql-connector-j-8.3.0.jar;F:\my_downloads\NetBeansProjects\bank_management_system\build\classes
Launcher Type: SUN_STANDARD

[Global flags]
     intx CICompilerCount                          = 3                                         {product} {ergonomic}
     uint ConcGCThreads                            = 1                                         {product} {ergonomic}
     uint G1ConcRefinementThreads                  = 4                                         {product} {ergonomic}
   size_t G1HeapRegionSize                         = 2097152                                   {product} {ergonomic}
    uintx GCDrainStackTargetSize                   = 64                                        {product} {ergonomic}
   size_t InitialHeapSize                          = 268435456                                 {product} {ergonomic}
   size_t MarkStackSize                            = 4194304                                   {product} {ergonomic}
   size_t MaxHeapSize                              = 4265607168                                {product} {ergonomic}
   size_t MaxNewSize                               = 2558525440                                {product} {ergonomic}
   size_t MinHeapDeltaBytes                        = 2097152                                   {product} {ergonomic}
   size_t MinHeapSize                              = 8388608                                   {product} {ergonomic}
    uintx NonNMethodCodeHeapSize                   = 5832780                                {pd product} {ergonomic}
    uintx NonProfiledCodeHeapSize                  = 122912730                              {pd product} {ergonomic}
    uintx ProfiledCodeHeapSize                     = 122912730                              {pd product} {ergonomic}
    uintx ReservedCodeCacheSize                    = 251658240                              {pd product} {ergonomic}
     bool SegmentedCodeCache                       = true                                      {product} {ergonomic}
   size_t SoftMaxHeapSize                          = 4265607168                             {manageable} {ergonomic}
     bool UseCompressedOops                        = true                           {product lp64_product} {ergonomic}
     bool UseG1GC                                  = true                                      {product} {ergonomic}
     bool UseLargePagesIndividualAllocation        = false                                  {pd product} {ergonomic}

Logging:
Log output configuration:
 #0: stdout all=warning uptime,level,tags foldmultilines=false
 #1: stderr all=off uptime,level,tags foldmultilines=false

Environment Variables:
PATH=F:\my_downloads\Python312\Scripts\;F:\my_downloads\Python312\;C:\Program Files\Common Files\Oracle\Java\javapath;C:\Program Files\Python312\Scripts\;C:\Program Files\Python312\;C:\Python\Python3104\Scripts\;C:\Python\Python3104\;C:\Windows\system32;C:\Windows;C:\Windows\System32\Wbem;C:\Windows\System32\WindowsPowerShell\v1.0\;C:\Windows\System32\OpenSSH\;C:\MinGW\bin;C:\Program Files\dotnet\;F:\laxmi dacu\LAXMI DCU\Git\cmd;D:\Program Files\MySQL\MySQL Server 8.0\bin;F:\my_downloads\jdk-21\bin;C:\Program Files\MySQL\MySQL Server 8.0\bin;C:\Program Files\MySQL\MySQL Shell 8.0\bin\;C:\Users\Admin\AppData\Local\Microsoft\WindowsApps;;C:\Users\Admin\AppData\Local\Programs\Microsoft VS Code\bin
USERNAME=Admin
OS=Windows_NT
PROCESSOR_IDENTIFIER=Intel64 Family 6 Model 142 Stepping 9, GenuineIntel
TMP=C:\Users\Admin\AppData\Local\Temp
TEMP=C:\Users\Admin\AppData\Local\Temp




Periodic native trim disabled

---------------  S Y S T E M  ---------------

OS:
 Windows 10 , 64 bit Build 19041 (10.0.19041.3636)
OS uptime: 6 days 6:14 hours
Hyper-V role detected

CPU: total 4 (initial active 4) (2 cores per cpu, 2 threads per core) family 6 model 142 stepping 9 microcode 0xea, cx8, cmov, fxsr, ht, mmx, 3dnowpref, sse, sse2, sse3, ssse3, sse4.1, sse4.2, popcnt, lzcnt, tsc, tscinvbit, avx, avx2, aes, erms, clmul, bmi1, bmi2, rtm, adx, fma, vzeroupper, clflush, clflushopt, hv, rdtscp, f16c
Processor Information for all 4 processors :
  Max Mhz: 2701, Current Mhz: 2701, Mhz Limit: 2701

Memory: 4k page, system-wide physical 16264M (8567M free)
TotalPageFile size 22202M (AvailPageFile size 5M)
current process WorkingSet (physical memory assigned to process): 88M, peak: 89M
current process commit charge ("private bytes"): 360M, peak: 363M

vm_info: Java HotSpot(TM) 64-Bit Server VM (21.0.2+13-LTS-58) for windows-amd64 JRE (21.0.2+13-LTS-58), built on 2024-01-05T18:32:24Z by "mach5one" with MS VC++ 17.1 (VS2022)

END.
